Base path: C:/Program Files/Unity/Editor/Data
Cmd: getPlatforms
Cmd: preprocess
  insize=4235 outsize=1054 ok=1
Cmd: preprocess
  error: 2 plat 19 at (40): Can't find include file frag_ao.cginc
  error: 2 plat 19 at (44): Can't find include file frag_ao.cginc
  error: 2 plat 19 at (48): Can't find include file frag_ao.cginc
  error: 2 plat 19 at (52): Can't find include file frag_ao.cginc
  error: 2 plat 19 at (57): Can't find include file frag_ao.cginc
  insize=6511 outsize=621 ok=0
Cmd: preprocess
  insize=12915 outsize=2549 ok=1
Cmd: preprocess
  insize=12063 outsize=2430 ok=1
Cmd: preprocess
  insize=1878 outsize=565 ok=1
Cmd: preprocess
  insize=2483 outsize=1134 ok=1
Cmd: compileSnippet
  error: 2 plat 4 at (40): 'tex2Dproj': no matching 2 parameter intrinsic function; Possible intrinsic functions are: tex2Dproj(sampler2D, float4|half4|min10float4|min16float4)\nCompiling Vertex program
Platform defines: UNITY_ENABLE_REFLECTION_BUFFERS UNITY_PBS_USE_BRDF1 UNITY_SPECCUBE_BOX_PROJECTION UNITY_SPECCUBE_BLENDING SHADER_API_DESKTOP UNITY_COLORSPACE_GAMMA
  api=4 type=0 insize=1660 outsize=0 kw= pd=UNITY_ENABLE_REFLECTION_BUFFERS UNITY_PBS_USE_BRDF1 UNITY_SPECCUBE_BOX_PROJECTION UNITY_SPECCUBE_BLENDING SHADER_API_DESKTOP UNITY_COLORSPACE_GAMMA ok=0
